[32mINFO[39m [2023-09-02, 1:56:10 PM] (14356 on DESKTOP-QBRPS5I): [36mteste[39m
[32mINFO[39m [2023-09-02, 1:56:10 PM] (14356 on DESKTOP-QBRPS5I): [36mConnection has been established successfully MYSQL.[39m
[32mINFO[39m [2023-09-02, 1:56:24 PM] (15292 on DESKTOP-QBRPS5I): [36mpino teste[39m
[32mINFO[39m [2023-09-02, 1:56:24 PM] (15292 on DESKTOP-QBRPS5I): [36mConnection has been established successfully MYSQL.[39m
[32mINFO[39m [2023-09-02, 1:57:05 PM] (7032 on DESKTOP-QBRPS5I): [36mpino teste[39m
[32mINFO[39m [2023-09-02, 1:57:05 PM] (7032 on DESKTOP-QBRPS5I): [36mConnection has been established successfully MYSQL.[39m
[32mINFO[39m [2023-09-02, 1:57:12 PM] (8724 on DESKTOP-QBRPS5I): [36mpino teste[39m
[32mINFO[39m [2023-09-02, 1:57:12 PM] (8724 on DESKTOP-QBRPS5I): [36mConnection has been established successfully MYSQL.[39m
[32mINFO[39m [2023-09-02, 1:57:25 PM] (14304 on DESKTOP-QBRPS5I): [36mpino teste[39m
[32mINFO[39m [2023-09-02, 1:57:25 PM] (14304 on DESKTOP-QBRPS5I): [36mConnection has been established successfully MYSQL.[39m
[32mINFO[39m [2023-09-02, 1:57:57 PM] (5840 on DESKTOP-QBRPS5I): [36mpino teste[39m
[32mINFO[39m [2023-09-02, 1:57:57 PM] (5840 on DESKTOP-QBRPS5I): [36mConnection has been established successfully MYSQL.[39m
[32mINFO[39m [2023-09-02, 1:58:07 PM] (5840 on DESKTOP-QBRPS5I): [36m3821 - 03 - 10026 : VIDEO SIGNAL LOST ON CHANNEL D1 D2 D4 D6 D7 D8 D9 D10 D11 D12 D13 D14 D15 D16[39m
[32mINFO[39m [2023-09-02, 1:58:20 PM] (4080 on DESKTOP-QBRPS5I): [36mConnection has been established successfully MYSQL.[39m
[32mINFO[39m [2023-09-02, 1:59:30 PM] (14952 on DESKTOP-QBRPS5I): [36mConnection has been established successfully MYSQL.[39m
[32mINFO[39m [2023-09-02, 2:06:42 PM] (9008 on DESKTOP-QBRPS5I): [36mConnection has been established successfully MYSQL.[39m
[32mINFO[39m [2023-09-02, 2:07:47 PM] (10220 on DESKTOP-QBRPS5I): [36mConnection has been established successfully MYSQL.[39m
[32mINFO[39m [2023-09-02, 2:08:11 PM] (2400 on DESKTOP-QBRPS5I): [36mConnection has been established successfully MYSQL.[39m
[32mINFO[39m [2023-09-02, 2:09:16 PM] (9448 on DESKTOP-QBRPS5I): [36mConnection has been established successfully MYSQL.[39m
[32mINFO[39m [2023-09-02, 2:11:14 PM] (4604 on DESKTOP-QBRPS5I): [36mConnection has been established successfully MYSQL.[39m
[32mINFO[39m [2023-09-02, 2:11:48 PM] (7344 on DESKTOP-QBRPS5I): [36mConnection has been established successfully MYSQL.[39m
[32mINFO[39m [2023-09-02, 2:12:13 PM] (1256 on DESKTOP-QBRPS5I): [36mConnection has been established successfully MYSQL.[39m
[32mINFO[39m [2023-09-02, 2:13:47 PM] (13400 on DESKTOP-QBRPS5I): [36mConnection has been established successfully MYSQL.[39m
[32mINFO[39m [2023-09-02, 2:14:43 PM] (13104 on DESKTOP-QBRPS5I): [36mConnection has been established successfully MYSQL.[39m
[32mINFO[39m [2023-09-02, 2:14:57 PM] (9156 on DESKTOP-QBRPS5I): [36mConnection has been established successfully MYSQL.[39m
[32mINFO[39m [2023-09-02, 2:15:10 PM] (13488 on DESKTOP-QBRPS5I): [36mConnection has been established successfully MYSQL.[39m
[32mINFO[39m [2023-09-02, 2:16:49 PM] (14216 on DESKTOP-QBRPS5I): [36mConnection has been established successfully MYSQL.[39m
[32mINFO[39m [2023-09-02, 2:17:27 PM] (12660 on DESKTOP-QBRPS5I): [36mConnection has been established successfully MYSQL.[39m
[32mINFO[39m [2023-09-02, 2:17:44 PM] (7024 on DESKTOP-QBRPS5I): [36mConnection has been established successfully MYSQL.[39m
[32mINFO[39m [2023-09-02, 2:17:51 PM] (7176 on DESKTOP-QBRPS5I): [36mConnection has been established successfully MYSQL.[39m
[32mINFO[39m [2023-09-02, 2:19:01 PM] (14572 on DESKTOP-QBRPS5I): [36mConnection has been established successfully MYSQL.[39m
[32mINFO[39m [2023-09-02, 2:20:06 PM] (7464 on DESKTOP-QBRPS5I): [36mConnection has been established successfully MYSQL.[39m
[32mINFO[39m [2023-09-02, 2:21:10 PM] (12660 on DESKTOP-QBRPS5I): [36mConnection has been established successfully MYSQL.[39m
[32mINFO[39m [2023-09-02, 2:22:13 PM] (14744 on DESKTOP-QBRPS5I): [36mConnection has been established successfully MYSQL.[39m
[32mINFO[39m [2023-09-02, 2:23:32 PM] (8400 on DESKTOP-QBRPS5I): [36mConnection has been established successfully MYSQL.[39m
[32mINFO[39m [2023-09-02, 2:24:10 PM] (1048 on DESKTOP-QBRPS5I): [36mConnection has been established successfully MYSQL.[39m
[32mINFO[39m [2023-09-02, 2:24:32 PM] (8160 on DESKTOP-QBRPS5I): [36mConnection has been established successfully MYSQL.[39m
[32mINFO[39m [2023-09-02, 2:25:34 PM] (7188 on DESKTOP-QBRPS5I): [36mConnection has been established successfully MYSQL.[39m
[32mINFO[39m [2023-09-02, 2:26:06 PM] (14944 on DESKTOP-QBRPS5I): [36mConnection has been established successfully MYSQL.[39m
[32mINFO[39m [2023-09-02, 2:26:10 PM] (13992 on DESKTOP-QBRPS5I): [36mConnection has been established successfully MYSQL.[39m
[32mINFO[39m [2023-09-02, 2:26:21 PM] (14416 on DESKTOP-QBRPS5I): [36mConnection has been established successfully MYSQL.[39m
[32mINFO[39m [2023-09-02, 2:27:36 PM] (9168 on DESKTOP-QBRPS5I): [36mConnection has been established successfully MYSQL.[39m
[32mINFO[39m [2023-09-02, 2:28:18 PM] (10216 on DESKTOP-QBRPS5I): [36mConnection has been established successfully MYSQL.[39m
[32mINFO[39m [2023-09-02, 2:32:47 PM] (5260 on DESKTOP-QBRPS5I): [36mConnection has been established successfully MYSQL.[39m
[32mINFO[39m [2023-09-02, 2:34:47 PM] (11588 on DESKTOP-QBRPS5I): [36mConnection has been established successfully MYSQL.[39m
[32mINFO[39m [2023-09-02, 2:38:45 PM] (10948 on DESKTOP-QBRPS5I): [36mConnection has been established successfully MYSQL.[39m
[32mINFO[39m [2023-09-02, 2:42:08 PM] (2532 on DESKTOP-QBRPS5I): [36mConnection has been established successfully MYSQL.[39m
[32mINFO[39m [2023-09-02, 4:26:54 PM] (10312 on DESKTOP-QBRPS5I): [36mConnection has been established successfully MYSQL.[39m
[32mINFO[39m [2023-09-02, 5:38:18 PM] (1068 on DESKTOP-QBRPS5I): [36mConnection has been established successfully MYSQL.[39m
[32mINFO[39m [2023-09-02, 5:38:29 PM] (1068 on DESKTOP-QBRPS5I): [36mrequest completed[39m
    res: {
      "_events": {},
      "_eventsCount": 1,
      "outputData": [],
      "outputSize": 0,
      "writable": true,
      "destroyed": false,
      "_last": false,
      "chunkedEncoding": false,
      "shouldKeepAlive": true,
      "maxRequestsOnConnectionReached": false,
      "_defaultKeepAlive": true,
      "useChunkedEncodingByDefault": true,
      "sendDate": true,
      "_removedConnection": false,
      "_removedContLen": false,
      "_removedTE": false,
      "strictContentLength": false,
      "_contentLength": "32",
      "_hasBody": true,
      "_trailer": "",
      "finished": true,
      "_headerSent": true,
      "_closed": false,
      "socket": null,
      "_header": "HTTP/1.1 200 OK\r\nX-Powered-By: Express\r\nContent-Type: application/json; charset=utf-8\r\nContent-Length: 32\r\nETag: W/\"20-Xhjf47geoti19r0Bt1bJ4E941Mk\"\r\nDate: Thu, 09 Feb 2023 17:38:29 GMT\r\nConnection: keep-alive\r\nKeep-Alive: timeout=5\r\n\r\n",
      "_keepAliveTimeout": 5000,
      "req": {
        "_readableState": {
          "objectMode": false,
          "highWaterMark": 16384,
          "buffer": {
            "head": null,
            "tail": null,
            "length": 0
          },
          "length": 0,
          "pipes": [],
          "flowing": true,
          "ended": true,
          "endEmitted": false,
          "reading": false,
          "constructed": true,
          "sync": true,
          "needReadable": false,
          "emittedReadable": true,
          "readableListening": false,
          "resumeScheduled": true,
          "errorEmitted": false,
          "emitClose": true,
          "autoDestroy": true,
          "destroyed": false,
          "errored": null,
          "closed": false,
          "closeEmitted": false,
          "defaultEncoding": "utf8",
          "awaitDrainWriters": null,
          "multiAwaitDrain": false,
          "readingMore": true,
          "dataEmitted": false,
          "decoder": null,
          "encoding": null
        },
        "_events": {},
        "_eventsCount": 1,
        "socket": {
          "connecting": false,
          "_hadError": false,
          "_parent": null,
          "_host": null,
          "_closeAfterHandlingError": false,
          "_readableState": {
            "objectMode": false,
            "highWaterMark": 16384,
            "buffer": {
              "head": null,
              "tail": null,
              "length": 0
            },
            "length": 0,
            "pipes": [],
            "flowing": true,
            "ended": false,
            "endEmitted": false,
            "reading": true,
            "constructed": true,
            "sync": false,
            "needReadable": true,
            "emittedReadable": false,
            "readableListening": false,
            "resumeScheduled": false,
            "errorEmitted": false,
            "emitClose": false,
            "autoDestroy": true,
            "destroyed": false,
            "errored": null,
            "closed": false,
            "closeEmitted": false,
            "defaultEncoding": "utf8",
            "awaitDrainWriters": null,
            "multiAwaitDrain": false,
            "readingMore": false,
            "dataEmitted": false,
            "decoder": null,
            "encoding": null
          },
          "_events": {
            "end": [
              null,
              null
            ]
          },
          "_eventsCount": 8,
          "_writableState": {
            "objectMode": false,
            "highWaterMark": 16384,
            "finalCalled": false,
            "needDrain": false,
            "ending": false,
            "ended": false,
            "finished": false,
            "destroyed": false,
            "decodeStrings": false,
            "defaultEncoding": "utf8",
            "length": 0,
            "writing": false,
            "corked": 0,
            "sync": false,
            "bufferProcessing": false,
            "writecb": null,
            "writelen": 0,
            "afterWriteTickInfo": null,
            "buffered": [],
            "bufferedIndex": 0,
            "allBuffers": true,
            "allNoop": true,
            "pendingcb": 0,
            "constructed": true,
            "prefinished": false,
            "errorEmitted": false,
            "emitClose": false,
            "autoDestroy": true,
            "errored": null,
            "closed": false,
            "closeEmitted": false
          },
          "allowHalfOpen": true,
          "_sockname": null,
          "_pendingData": null,
          "_pendingEncoding": "",
          "server": {
            "requestTimeout": 300000,
            "headersTimeout": 60000,
            "keepAliveTimeout": 5000,
            "connectionsCheckingInterval": 30000,
            "_events": {},
            "_eventsCount": 2,
            "_connections": 2,
            "_handle": {
              "reading": false
            },
            "_usingWorkers": false,
            "_workers": [],
            "_unref": false,
            "allowHalfOpen": true,
            "pauseOnConnect": false,
            "noDelay": true,
            "keepAlive": false,
            "keepAliveInitialDelay": 0,
            "httpAllowHalfOpen": false,
            "timeout": 0,
            "maxHeadersCount": null,
            "maxRequestsPerSocket": 0,
            "_connectionKey": "6::::3333"
          },
          "_server": {
            "requestTimeout": 300000,
            "headersTimeout": 60000,
            "keepAliveTimeout": 5000,
            "connectionsCheckingInterval": 30000,
            "_events": {},
            "_eventsCount": 2,
            "_connections": 2,
            "_handle": {
              "reading": false
            },
            "_usingWorkers": false,
            "_workers": [],
            "_unref": false,
            "allowHalfOpen": true,
            "pauseOnConnect": false,
            "noDelay": true,
            "keepAlive": false,
            "keepAliveInitialDelay": 0,
            "httpAllowHalfOpen": false,
            "timeout": 0,
            "maxHeadersCount": null,
            "maxRequestsPerSocket": 0,
            "_connectionKey": "6::::3333"
          },
          "parser": {
            "0": null,
            "_headers": [],
            "_url": "",
            "socket": "[Circular]",
            "incoming": "[Circular]",
            "outgoing": null,
            "maxHeaderPairs": 2000,
            "_consumed": true
          },
          "_paused": false,
          "_httpMessage": null,
          "timeout": 5000
        },
        "httpVersionMajor": 1,
        "httpVersionMinor": 1,
        "httpVersion": "1.1",
        "complete": true,
        "rawHeaders": [
          "Host",
          "localhost:3333",
          "Connection",
          "keep-alive",
          "sec-ch-ua",
          "\"Not_A Brand\";v=\"99\", \"Microsoft Edge\";v=\"109\", \"Chromium\";v=\"109\"",
          "sec-ch-ua-mobile",
          "?0",
          "sec-ch-ua-platform",
          "\"Windows\"",
          "Upgrade-Insecure-Requests",
          "1",
          "User-Agent",
          "Mozilla/5.0 (Windows NT 10.0; Win64; x64) AppleWebKit/537.36 (KHTML, like Gecko) Chrome/109.0.0.0 Safari/537.36 Edg/109.0.1518.78",
          "Accept",
          "text/html,application/xhtml+xml,application/xml;q=0.9,image/webp,image/apng,*/*;q=0.8,application/signed-exchange;v=b3;q=0.9",
          "Sec-Fetch-Site",
          "none",
          "Sec-Fetch-Mode",
          "navigate",
          "Sec-Fetch-User",
          "?1",
          "Sec-Fetch-Dest",
          "document",
          "Accept-Encoding",
          "gzip, deflate, br",
          "Accept-Language",
          "pt-BR,pt;q=0.9,en;q=0.8,en-GB;q=0.7,en-US;q=0.6"
        ],
        "rawTrailers": [],
        "aborted": false,
        "upgrade": false,
        "url": "/",
        "method": "GET",
        "statusCode": null,
        "statusMessage": null,
        "client": {
          "connecting": false,
          "_hadError": false,
          "_parent": null,
          "_host": null,
          "_closeAfterHandlingError": false,
          "_readableState": {
            "objectMode": false,
            "highWaterMark": 16384,
            "buffer": {
              "head": null,
              "tail": null,
              "length": 0
            },
            "length": 0,
            "pipes": [],
            "flowing": true,
            "ended": false,
            "endEmitted": false,
            "reading": true,
            "constructed": true,
            "sync": false,
            "needReadable": true,
            "emittedReadable": false,
            "readableListening": false,
            "resumeScheduled": false,
            "errorEmitted": false,
            "emitClose": false,
            "autoDestroy": true,
            "destroyed": false,
            "errored": null,
            "closed": false,
            "closeEmitted": false,
            "defaultEncoding": "utf8",
            "awaitDrainWriters": null,
            "multiAwaitDrain": false,
            "readingMore": false,
            "dataEmitted": false,
            "decoder": null,
            "encoding": null
          },
          "_events": {
            "end": [
              null,
              null
            ]
          },
          "_eventsCount": 8,
          "_writableState": {
            "objectMode": false,
            "highWaterMark": 16384,
            "finalCalled": false,
            "needDrain": false,
            "ending": false,
            "ended": false,
            "finished": false,
            "destroyed": false,
            "decodeStrings": false,
            "defaultEncoding": "utf8",
            "length": 0,
            "writing": false,
            "corked": 0,
            "sync": false,
            "bufferProcessing": false,
            "writecb": null,
            "writelen": 0,
            "afterWriteTickInfo": null,
            "buffered": [],
            "bufferedIndex": 0,
            "allBuffers": true,
            "allNoop": true,
            "pendingcb": 0,
            "constructed": true,
            "prefinished": false,
            "errorEmitted": false,
            "emitClose": false,
            "autoDestroy": true,
            "errored": null,
            "closed": false,
            "closeEmitted": false
          },
          "allowHalfOpen": true,
          "_sockname": null,
          "_pendingData": null,
          "_pendingEncoding": "",
          "server": {
            "requestTimeout": 300000,
            "headersTimeout": 60000,
            "keepAliveTimeout": 5000,
            "connectionsCheckingInterval": 30000,
            "_events": {},
            "_eventsCount": 2,
            "_connections": 2,
            "_handle": {
              "reading": false
            },
            "_usingWorkers": false,
            "_workers": [],
            "_unref": false,
            "allowHalfOpen": true,
            "pauseOnConnect": false,
            "noDelay": true,
            "keepAlive": false,
            "keepAliveInitialDelay": 0,
            "httpAllowHalfOpen": false,
            "timeout": 0,
            "maxHeadersCount": null,
            "maxRequestsPerSocket": 0,
            "_connectionKey": "6::::3333"
          },
          "_server": {
            "requestTimeout": 300000,
            "headersTimeout": 60000,
            "keepAliveTimeout": 5000,
            "connectionsCheckingInterval": 30000,
            "_events": {},
            "_eventsCount": 2,
            "_connections": 2,
            "_handle": {
              "reading": false
            },
            "_usingWorkers": false,
            "_workers": [],
            "_unref": false,
            "allowHalfOpen": true,
            "pauseOnConnect": false,
            "noDelay": true,
            "keepAlive": false,
            "keepAliveInitialDelay": 0,
            "httpAllowHalfOpen": false,
            "timeout": 0,
            "maxHeadersCount": null,
            "maxRequestsPerSocket": 0,
            "_connectionKey": "6::::3333"
          },
          "parser": {
            "0": null,
            "_headers": [],
            "_url": "",
            "socket": "[Circular]",
            "incoming": "[Circular]",
            "outgoing": null,
            "maxHeaderPairs": 2000,
            "_consumed": true
          },
          "_paused": false,
          "_httpMessage": null,
          "timeout": 5000
        },
        "_consuming": false,
        "_dumped": true,
        "baseUrl": "",
        "originalUrl": "/",
        "_parsedUrl": {
          "protocol": null,
          "slashes": null,
          "auth": null,
          "host": null,
          "port": null,
          "hostname": null,
          "hash": null,
          "search": null,
          "query": null,
          "pathname": "/",
          "path": "/",
          "href": "/",
          "_raw": "/"
        },
        "params": {},
        "query": {},
        "res": "[Circular]",
        "body": {},
        "id": 1,
        "log": {},
        "route": {
          "path": "/",
          "stack": [
            {
              "name": "<anonymous>",
              "keys": [],
              "regexp": {
                "fast_star": false,
                "fast_slash": false
              },
              "method": "get"
            }
          ],
          "methods": {
            "get": true
          }
        }
      },
      "_sent100": false,
      "_expect_continue": false,
      "_maxRequestsPerSocket": 0,
      "locals": {},
      "log": {},
      "statusMessage": "OK",
      "statusCode": 200
    }
    responseTime: 6
    req: {
      "_readableState": {
        "objectMode": false,
        "highWaterMark": 16384,
        "buffer": {
          "head": null,
          "tail": null,
          "length": 0
        },
        "length": 0,
        "pipes": [],
        "flowing": null,
        "ended": false,
        "endEmitted": false,
        "reading": false,
        "constructed": true,
        "sync": true,
        "needReadable": false,
        "emittedReadable": false,
        "readableListening": false,
        "resumeScheduled": false,
        "errorEmitted": false,
        "emitClose": true,
        "autoDestroy": true,
        "destroyed": false,
        "errored": null,
        "closed": false,
        "closeEmitted": false,
        "defaultEncoding": "utf8",
        "awaitDrainWriters": null,
        "multiAwaitDrain": false,
        "readingMore": true,
        "dataEmitted": false,
        "decoder": null,
        "encoding": null
      },
      "_events": {},
      "_eventsCount": 0,
      "socket": {
        "connecting": false,
        "_hadError": false,
        "_parent": null,
        "_host": null,
        "_closeAfterHandlingError": false,
        "_readableState": {
          "objectMode": false,
          "highWaterMark": 16384,
          "buffer": {
            "head": null,
            "tail": null,
            "length": 0
          },
          "length": 0,
          "pipes": [],
          "flowing": true,
          "ended": false,
          "endEmitted": false,
          "reading": true,
          "constructed": true,
          "sync": false,
          "needReadable": true,
          "emittedReadable": false,
          "readableListening": false,
          "resumeScheduled": false,
          "errorEmitted": false,
          "emitClose": false,
          "autoDestroy": true,
          "destroyed": false,
          "errored": null,
          "closed": false,
          "closeEmitted": false,
          "defaultEncoding": "utf8",
          "awaitDrainWriters": null,
          "multiAwaitDrain": false,
          "readingMore": false,
          "dataEmitted": false,
          "decoder": null,
          "encoding": null
        },
        "_events": {
          "end": [
            null,
            null
          ],
          "close": [
            null,
            null
          ]
        },
        "_eventsCount": 8,
        "_writableState": {
          "objectMode": false,
          "highWaterMark": 16384,
          "finalCalled": false,
          "needDrain": false,
          "ending": false,
          "ended": false,
          "finished": false,
          "destroyed": false,
          "decodeStrings": false,
          "defaultEncoding": "utf8",
          "length": 0,
          "writing": false,
          "corked": 0,
          "sync": true,
          "bufferProcessing": false,
          "writecb": null,
          "writelen": 0,
          "afterWriteTickInfo": null,
          "buffered": [],
          "bufferedIndex": 0,
          "allBuffers": true,
          "allNoop": true,
          "pendingcb": 0,
          "constructed": true,
          "prefinished": false,
          "errorEmitted": false,
          "emitClose": false,
          "autoDestroy": true,
          "errored": null,
          "closed": false,
          "closeEmitted": false
        },
        "allowHalfOpen": true,
        "_sockname": null,
        "_pendingData": null,
        "_pendingEncoding": "",
        "server": {
          "requestTimeout": 300000,
          "headersTimeout": 60000,
          "keepAliveTimeout": 5000,
          "connectionsCheckingInterval": 30000,
          "_events": {},
          "_eventsCount": 2,
          "_connections": 2,
          "_handle": {
            "reading": false
          },
          "_usingWorkers": false,
          "_workers": [],
          "_unref": false,
          "allowHalfOpen": true,
          "pauseOnConnect": false,
          "noDelay": true,
          "keepAlive": false,
          "keepAliveInitialDelay": 0,
          "httpAllowHalfOpen": false,
          "timeout": 0,
          "maxHeadersCount": null,
          "maxRequestsPerSocket": 0,
          "_connectionKey": "6::::3333"
        },
        "_server": {
          "requestTimeout": 300000,
          "headersTimeout": 60000,
          "keepAliveTimeout": 5000,
          "connectionsCheckingInterval": 30000,
          "_events": {},
          "_eventsCount": 2,
          "_connections": 2,
          "_handle": {
            "reading": false
          },
          "_usingWorkers": false,
          "_workers": [],
          "_unref": false,
          "allowHalfOpen": true,
          "pauseOnConnect": false,
          "noDelay": true,
          "keepAlive": false,
          "keepAliveInitialDelay": 0,
          "httpAllowHalfOpen": false,
          "timeout": 0,
          "maxHeadersCount": null,
          "maxRequestsPerSocket": 0,
          "_connectionKey": "6::::3333"
        },
        "parser": {
          "0": null,
          "_headers": [],
          "_url": "",
          "socket": "[Circular]",
          "incoming": "[Circular]",
          "outgoing": null,
          "maxHeaderPairs": 2000,
          "_consumed": true
        },
        "_paused": false,
        "_httpMessage": {
          "_events": {},
          "_eventsCount": 1,
          "outputData": [],
          "outputSize": 0,
          "writable": true,
          "destroyed": false,
          "_last": false,
          "chunkedEncoding": false,
          "shouldKeepAlive": true,
          "maxRequestsOnConnectionReached": false,
          "_defaultKeepAlive": true,
          "useChunkedEncodingByDefault": true,
          "sendDate": true,
          "_removedConnection": false,
          "_removedContLen": false,
          "_removedTE": false,
          "strictContentLength": false,
          "_contentLength": null,
          "_hasBody": true,
          "_trailer": "",
          "finished": false,
          "_headerSent": false,
          "_closed": false,
          "socket": "[Circular]",
          "_header": null,
          "_keepAliveTimeout": 5000,
          "req": "[Circular]",
          "_sent100": false,
          "_expect_continue": false,
          "_maxRequestsPerSocket": 0,
          "locals": {}
        }
      },
      "httpVersionMajor": 1,
      "httpVersionMinor": 1,
      "httpVersion": "1.1",
      "complete": false,
      "rawHeaders": [
        "Host",
        "localhost:3333",
        "Connection",
        "keep-alive",
        "sec-ch-ua",
        "\"Not_A Brand\";v=\"99\", \"Microsoft Edge\";v=\"109\", \"Chromium\";v=\"109\"",
        "sec-ch-ua-mobile",
        "?0",
        "sec-ch-ua-platform",
        "\"Windows\"",
        "Upgrade-Insecure-Requests",
        "1",
        "User-Agent",
        "Mozilla/5.0 (Windows NT 10.0; Win64; x64) AppleWebKit/537.36 (KHTML, like Gecko) Chrome/109.0.0.0 Safari/537.36 Edg/109.0.1518.78",
        "Accept",
        "text/html,application/xhtml+xml,application/xml;q=0.9,image/webp,image/apng,*/*;q=0.8,application/signed-exchange;v=b3;q=0.9",
        "Sec-Fetch-Site",
        "none",
        "Sec-Fetch-Mode",
        "navigate",
        "Sec-Fetch-User",
        "?1",
        "Sec-Fetch-Dest",
        "document",
        "Accept-Encoding",
        "gzip, deflate, br",
        "Accept-Language",
        "pt-BR,pt;q=0.9,en;q=0.8,en-GB;q=0.7,en-US;q=0.6"
      ],
      "rawTrailers": [],
      "aborted": false,
      "upgrade": false,
      "url": "/",
      "method": "GET",
      "statusCode": null,
      "statusMessage": null,
      "client": {
        "connecting": false,
        "_hadError": false,
        "_parent": null,
        "_host": null,
        "_closeAfterHandlingError": false,
        "_readableState": {
          "objectMode": false,
          "highWaterMark": 16384,
          "buffer": {
            "head": null,
            "tail": null,
            "length": 0
          },
          "length": 0,
          "pipes": [],
          "flowing": true,
          "ended": false,
          "endEmitted": false,
          "reading": true,
          "constructed": true,
          "sync": false,
          "needReadable": true,
          "emittedReadable": false,
          "readableListening": false,
          "resumeScheduled": false,
          "errorEmitted": false,
          "emitClose": false,
          "autoDestroy": true,
          "destroyed": false,
          "errored": null,
          "closed": false,
          "closeEmitted": false,
          "defaultEncoding": "utf8",
          "awaitDrainWriters": null,
          "multiAwaitDrain": false,
          "readingMore": false,
          "dataEmitted": false,
          "decoder": null,
          "encoding": null
        },
        "_events": {
          "end": [
            null,
            null
          ],
          "close": [
            null,
            null
          ]
        },
        "_eventsCount": 8,
        "_writableState": {
          "objectMode": false,
          "highWaterMark": 16384,
          "finalCalled": false,
          "needDrain": false,
          "ending": false,
          "ended": false,
          "finished": false,
          "destroyed": false,
          "decodeStrings": false,
          "defaultEncoding": "utf8",
          "length": 0,
          "writing": false,
          "corked": 0,
          "sync": true,
          "bufferProcessing": false,
          "writecb": null,
          "writelen": 0,
          "afterWriteTickInfo": null,
          "buffered": [],
          "bufferedIndex": 0,
          "allBuffers": true,
          "allNoop": true,
          "pendingcb": 0,
          "constructed": true,
          "prefinished": false,
          "errorEmitted": false,
          "emitClose": false,
          "autoDestroy": true,
          "errored": null,
          "closed": false,
          "closeEmitted": false
        },
        "allowHalfOpen": true,
        "_sockname": null,
        "_pendingData": null,
        "_pendingEncoding": "",
        "server": {
          "requestTimeout": 300000,
          "headersTimeout": 60000,
          "keepAliveTimeout": 5000,
          "connectionsCheckingInterval": 30000,
          "_events": {},
          "_eventsCount": 2,
          "_connections": 2,
          "_handle": {
            "reading": false
          },
          "_usingWorkers": false,
          "_workers": [],
          "_unref": false,
          "allowHalfOpen": true,
          "pauseOnConnect": false,
          "noDelay": true,
          "keepAlive": false,
          "keepAliveInitialDelay": 0,
          "httpAllowHalfOpen": false,
          "timeout": 0,
          "maxHeadersCount": null,
          "maxRequestsPerSocket": 0,
          "_connectionKey": "6::::3333"
        },
        "_server": {
          "requestTimeout": 300000,
          "headersTimeout": 60000,
          "keepAliveTimeout": 5000,
          "connectionsCheckingInterval": 30000,
          "_events": {},
          "_eventsCount": 2,
          "_connections": 2,
          "_handle": {
            "reading": false
          },
          "_usingWorkers": false,
          "_workers": [],
          "_unref": false,
          "allowHalfOpen": true,
          "pauseOnConnect": false,
          "noDelay": true,
          "keepAlive": false,
          "keepAliveInitialDelay": 0,
          "httpAllowHalfOpen": false,
          "timeout": 0,
          "maxHeadersCount": null,
          "maxRequestsPerSocket": 0,
          "_connectionKey": "6::::3333"
        },
        "parser": {
          "0": null,
          "_headers": [],
          "_url": "",
          "socket": "[Circular]",
          "incoming": "[Circular]",
          "outgoing": null,
          "maxHeaderPairs": 2000,
          "_consumed": true
        },
        "_paused": false,
        "_httpMessage": {
          "_events": {},
          "_eventsCount": 1,
          "outputData": [],
          "outputSize": 0,
          "writable": true,
          "destroyed": false,
          "_last": false,
          "chunkedEncoding": false,
          "shouldKeepAlive": true,
          "maxRequestsOnConnectionReached": false,
          "_defaultKeepAlive": true,
          "useChunkedEncodingByDefault": true,
          "sendDate": true,
          "_removedConnection": false,
          "_removedContLen": false,
          "_removedTE": false,
          "strictContentLength": false,
          "_contentLength": null,
          "_hasBody": true,
          "_trailer": "",
          "finished": false,
          "_headerSent": false,
          "_closed": false,
          "socket": "[Circular]",
          "_header": null,
          "_keepAliveTimeout": 5000,
          "req": "[Circular]",
          "_sent100": false,
          "_expect_continue": false,
          "_maxRequestsPerSocket": 0,
          "locals": {}
        }
      },
      "_consuming": false,
      "_dumped": false,
      "baseUrl": "",
      "originalUrl": "/",
      "_parsedUrl": {
        "protocol": null,
        "slashes": null,
        "auth": null,
        "host": null,
        "port": null,
        "hostname": null,
        "hash": null,
        "search": null,
        "query": null,
        "pathname": "/",
        "path": "/",
        "href": "/",
        "_raw": "/"
      },
      "params": {},
      "query": {},
      "res": {
        "_events": {},
        "_eventsCount": 1,
        "outputData": [],
        "outputSize": 0,
        "writable": true,
        "destroyed": false,
        "_last": false,
        "chunkedEncoding": false,
        "shouldKeepAlive": true,
        "maxRequestsOnConnectionReached": false,
        "_defaultKeepAlive": true,
        "useChunkedEncodingByDefault": true,
        "sendDate": true,
        "_removedConnection": false,
        "_removedContLen": false,
        "_removedTE": false,
        "strictContentLength": false,
        "_contentLength": null,
        "_hasBody": true,
        "_trailer": "",
        "finished": false,
        "_headerSent": false,
        "_closed": false,
        "socket": "[Circular]",
        "_header": null,
        "_keepAliveTimeout": 5000,
        "req": "[Circular]",
        "_sent100": false,
        "_expect_continue": false,
        "_maxRequestsPerSocket": 0,
        "locals": {}
      },
      "body": {},
      "id": 1
    }
[32mINFO[39m [2023-09-02, 5:38:29 PM] (1068 on DESKTOP-QBRPS5I): [36mrequest completed[39m
    res: {
      "_events": {},
      "_eventsCount": 1,
      "outputData": [],
      "outputSize": 0,
      "writable": true,
      "destroyed": false,
      "_last": false,
      "chunkedEncoding": false,
      "shouldKeepAlive": true,
      "maxRequestsOnConnectionReached": false,
      "_defaultKeepAlive": true,
      "useChunkedEncodingByDefault": true,
      "sendDate": true,
      "_removedConnection": false,
      "_removedContLen": false,
      "_removedTE": false,
      "strictContentLength": false,
      "_contentLength": 150,
      "_hasBody": true,
      "_trailer": "",
      "finished": true,
      "_headerSent": true,
      "_closed": false,
      "socket": null,
      "_header": "HTTP/1.1 404 Not Found\r\nX-Powered-By: Express\r\nContent-Security-Policy: default-src 'none'\r\nX-Content-Type-Options: nosniff\r\nContent-Type: text/html; charset=utf-8\r\nContent-Length: 150\r\nDate: Thu, 09 Feb 2023 17:38:29 GMT\r\nConnection: keep-alive\r\nKeep-Alive: timeout=5\r\n\r\n",
      "_keepAliveTimeout": 5000,
      "req": {
        "_readableState": {
          "objectMode": false,
          "highWaterMark": 16384,
          "buffer": {
            "head": null,
            "tail": null,
            "length": 0
          },
          "length": 0,
          "pipes": [],
          "flowing": true,
          "ended": true,
          "endEmitted": true,
          "reading": false,
          "constructed": true,
          "sync": true,
          "needReadable": false,
          "emittedReadable": false,
          "readableListening": false,
          "resumeScheduled": false,
          "errorEmitted": false,
          "emitClose": true,
          "autoDestroy": true,
          "destroyed": true,
          "errored": null,
          "closed": false,
          "closeEmitted": false,
          "defaultEncoding": "utf8",
          "awaitDrainWriters": null,
          "multiAwaitDrain": false,
          "readingMore": true,
          "dataEmitted": false,
          "decoder": null,
          "encoding": null
        },
        "_events": {},
        "_eventsCount": 0,
        "socket": {
          "connecting": false,
          "_hadError": false,
          "_parent": null,
          "_host": null,
          "_closeAfterHandlingError": false,
          "_readableState": {
            "objectMode": false,
            "highWaterMark": 16384,
            "buffer": {
              "head": null,
              "tail": null,
              "length": 0
            },
            "length": 0,
            "pipes": [],
            "flowing": true,
            "ended": false,
            "endEmitted": false,
            "reading": true,
            "constructed": true,
            "sync": false,
            "needReadable": true,
            "emittedReadable": false,
            "readableListening": false,
            "resumeScheduled": false,
            "errorEmitted": false,
            "emitClose": false,
            "autoDestroy": true,
            "destroyed": false,
            "errored": null,
            "closed": false,
            "closeEmitted": false,
            "defaultEncoding": "utf8",
            "awaitDrainWriters": null,
            "multiAwaitDrain": false,
            "readingMore": false,
            "dataEmitted": false,
            "decoder": null,
            "encoding": null
          },
          "_events": {
            "end": [
              null,
              null
            ]
          },
          "_eventsCount": 8,
          "_writableState": {
            "objectMode": false,
            "highWaterMark": 16384,
            "finalCalled": false,
            "needDrain": false,
            "ending": false,
            "ended": false,
            "finished": false,
            "destroyed": false,
            "decodeStrings": false,
            "defaultEncoding": "utf8",
            "length": 0,
            "writing": false,
            "corked": 0,
            "sync": false,
            "bufferProcessing": false,
            "writecb": null,
            "writelen": 0,
            "afterWriteTickInfo": null,
            "buffered": [],
            "bufferedIndex": 0,
            "allBuffers": true,
            "allNoop": true,
            "pendingcb": 0,
            "constructed": true,
            "prefinished": false,
            "errorEmitted": false,
            "emitClose": false,
            "autoDestroy": true,
            "errored": null,
            "closed": false,
            "closeEmitted": false
          },
          "allowHalfOpen": true,
          "_sockname": null,
          "_pendingData": null,
          "_pendingEncoding": "",
          "server": {
            "requestTimeout": 300000,
            "headersTimeout": 60000,
            "keepAliveTimeout": 5000,
            "connectionsCheckingInterval": 30000,
            "_events": {},
            "_eventsCount": 2,
            "_connections": 2,
            "_handle": {
              "reading": false
            },
            "_usingWorkers": false,
            "_workers": [],
            "_unref": false,
            "allowHalfOpen": true,
            "pauseOnConnect": false,
            "noDelay": true,
            "keepAlive": false,
            "keepAliveInitialDelay": 0,
            "httpAllowHalfOpen": false,
            "timeout": 0,
            "maxHeadersCount": null,
            "maxRequestsPerSocket": 0,
            "_connectionKey": "6::::3333"
          },
          "_server": {
            "requestTimeout": 300000,
            "headersTimeout": 60000,
            "keepAliveTimeout": 5000,
            "connectionsCheckingInterval": 30000,
            "_events": {},
            "_eventsCount": 2,
            "_connections": 2,
            "_handle": {
              "reading": false
            },
            "_usingWorkers": false,
            "_workers": [],
            "_unref": false,
            "allowHalfOpen": true,
            "pauseOnConnect": false,
            "noDelay": true,
            "keepAlive": false,
            "keepAliveInitialDelay": 0,
            "httpAllowHalfOpen": false,
            "timeout": 0,
            "maxHeadersCount": null,
            "maxRequestsPerSocket": 0,
            "_connectionKey": "6::::3333"
          },
          "parser": {
            "0": null,
            "_headers": [],
            "_url": "",
            "socket": "[Circular]",
            "incoming": null,
            "outgoing": null,
            "maxHeaderPairs": 2000,
            "_consumed": true
          },
          "_paused": false,
          "_httpMessage": null,
          "timeout": 5000
        },
        "httpVersionMajor": 1,
        "httpVersionMinor": 1,
        "httpVersion": "1.1",
        "complete": true,
        "rawHeaders": [
          "Host",
          "localhost:3333",
          "Connection",
          "keep-alive",
          "sec-ch-ua",
          "\"Not_A Brand\";v=\"99\", \"Microsoft Edge\";v=\"109\", \"Chromium\";v=\"109\"",
          "sec-ch-ua-mobile",
          "?0",
          "User-Agent",
          "Mozilla/5.0 (Windows NT 10.0; Win64; x64) AppleWebKit/537.36 (KHTML, like Gecko) Chrome/109.0.0.0 Safari/537.36 Edg/109.0.1518.78",
          "sec-ch-ua-platform",
          "\"Windows\"",
          "Accept",
          "image/webp,image/apng,image/svg+xml,image/*,*/*;q=0.8",
          "Sec-Fetch-Site",
          "same-origin",
          "Sec-Fetch-Mode",
          "no-cors",
          "Sec-Fetch-Dest",
          "image",
          "Referer",
          "http://localhost:3333/",
          "Accept-Encoding",
          "gzip, deflate, br",
          "Accept-Language",
          "pt-BR,pt;q=0.9,en;q=0.8,en-GB;q=0.7,en-US;q=0.6"
        ],
        "rawTrailers": [],
        "aborted": false,
        "upgrade": false,
        "url": "/favicon.ico",
        "method": "GET",
        "statusCode": null,
        "statusMessage": null,
        "client": {
          "connecting": false,
          "_hadError": false,
          "_parent": null,
          "_host": null,
          "_closeAfterHandlingError": false,
          "_readableState": {
            "objectMode": false,
            "highWaterMark": 16384,
            "buffer": {
              "head": null,
              "tail": null,
              "length": 0
            },
            "length": 0,
            "pipes": [],
            "flowing": true,
            "ended": false,
            "endEmitted": false,
            "reading": true,
            "constructed": true,
            "sync": false,
            "needReadable": true,
            "emittedReadable": false,
            "readableListening": false,
            "resumeScheduled": false,
            "errorEmitted": false,
            "emitClose": false,
            "autoDestroy": true,
            "destroyed": false,
            "errored": null,
            "closed": false,
            "closeEmitted": false,
            "defaultEncoding": "utf8",
            "awaitDrainWriters": null,
            "multiAwaitDrain": false,
            "readingMore": false,
            "dataEmitted": false,
            "decoder": null,
            "encoding": null
          },
          "_events": {
            "end": [
              null,
              null
            ]
          },
          "_eventsCount": 8,
          "_writableState": {
            "objectMode": false,
            "highWaterMark": 16384,
            "finalCalled": false,
            "needDrain": false,
            "ending": false,
            "ended": false,
            "finished": false,
            "destroyed": false,
            "decodeStrings": false,
            "defaultEncoding": "utf8",
            "length": 0,
            "writing": false,
            "corked": 0,
            "sync": false,
            "bufferProcessing": false,
            "writecb": null,
            "writelen": 0,
            "afterWriteTickInfo": null,
            "buffered": [],
            "bufferedIndex": 0,
            "allBuffers": true,
            "allNoop": true,
            "pendingcb": 0,
            "constructed": true,
            "prefinished": false,
            "errorEmitted": false,
            "emitClose": false,
            "autoDestroy": true,
            "errored": null,
            "closed": false,
            "closeEmitted": false
          },
          "allowHalfOpen": true,
          "_sockname": null,
          "_pendingData": null,
          "_pendingEncoding": "",
          "server": {
            "requestTimeout": 300000,
            "headersTimeout": 60000,
            "keepAliveTimeout": 5000,
            "connectionsCheckingInterval": 30000,
            "_events": {},
            "_eventsCount": 2,
            "_connections": 2,
            "_handle": {
              "reading": false
            },
            "_usingWorkers": false,
            "_workers": [],
            "_unref": false,
            "allowHalfOpen": true,
            "pauseOnConnect": false,
            "noDelay": true,
            "keepAlive": false,
            "keepAliveInitialDelay": 0,
            "httpAllowHalfOpen": false,
            "timeout": 0,
            "maxHeadersCount": null,
            "maxRequestsPerSocket": 0,
            "_connectionKey": "6::::3333"
          },
          "_server": {
            "requestTimeout": 300000,
            "headersTimeout": 60000,
            "keepAliveTimeout": 5000,
            "connectionsCheckingInterval": 30000,
            "_events": {},
            "_eventsCount": 2,
            "_connections": 2,
            "_handle": {
              "reading": false
            },
            "_usingWorkers": false,
            "_workers": [],
            "_unref": false,
            "allowHalfOpen": true,
            "pauseOnConnect": false,
            "noDelay": true,
            "keepAlive": false,
            "keepAliveInitialDelay": 0,
            "httpAllowHalfOpen": false,
            "timeout": 0,
            "maxHeadersCount": null,
            "maxRequestsPerSocket": 0,
            "_connectionKey": "6::::3333"
          },
          "parser": {
            "0": null,
            "_headers": [],
            "_url": "",
            "socket": "[Circular]",
            "incoming": null,
            "outgoing": null,
            "maxHeaderPairs": 2000,
            "_consumed": true
          },
          "_paused": false,
          "_httpMessage": null,
          "timeout": 5000
        },
        "_consuming": false,
        "_dumped": true,
        "originalUrl": "/favicon.ico",
        "_parsedUrl": {
          "protocol": null,
          "slashes": null,
          "auth": null,
          "host": null,
          "port": null,
          "hostname": null,
          "hash": null,
          "search": null,
          "query": null,
          "pathname": "/favicon.ico",
          "path": "/favicon.ico",
          "href": "/favicon.ico",
          "_raw": "/favicon.ico"
        },
        "query": {},
        "res": "[Circular]",
        "body": {},
        "id": 2,
        "log": {},
        "_parsedOriginalUrl": {
          "protocol": null,
          "slashes": null,
          "auth": null,
          "host": null,
          "port": null,
          "hostname": null,
          "hash": null,
          "search": null,
          "query": null,
          "pathname": "/favicon.ico",
          "path": "/favicon.ico",
          "href": "/favicon.ico",
          "_raw": "/favicon.ico"
        },
        "__onFinished": null
      },
      "_sent100": false,
      "_expect_continue": false,
      "_maxRequestsPerSocket": 0,
      "locals": {},
      "log": {},
      "statusCode": 404,
      "statusMessage": "Not Found"
    }
    responseTime: 3
    req: {
      "_readableState": {
        "objectMode": false,
        "highWaterMark": 16384,
        "buffer": {
          "head": null,
          "tail": null,
          "length": 0
        },
        "length": 0,
        "pipes": [],
        "flowing": null,
        "ended": false,
        "endEmitted": false,
        "reading": false,
        "constructed": true,
        "sync": true,
        "needReadable": false,
        "emittedReadable": false,
        "readableListening": false,
        "resumeScheduled": false,
        "errorEmitted": false,
        "emitClose": true,
        "autoDestroy": true,
        "destroyed": false,
        "errored": null,
        "closed": false,
        "closeEmitted": false,
        "defaultEncoding": "utf8",
        "awaitDrainWriters": null,
        "multiAwaitDrain": false,
        "readingMore": true,
        "dataEmitted": false,
        "decoder": null,
        "encoding": null
      },
      "_events": {},
      "_eventsCount": 0,
      "socket": {
        "connecting": false,
        "_hadError": false,
        "_parent": null,
        "_host": null,
        "_closeAfterHandlingError": false,
        "_readableState": {
          "objectMode": false,
          "highWaterMark": 16384,
          "buffer": {
            "head": null,
            "tail": null,
            "length": 0
          },
          "length": 0,
          "pipes": [],
          "flowing": true,
          "ended": false,
          "endEmitted": false,
          "reading": true,
          "constructed": true,
          "sync": false,
          "needReadable": true,
          "emittedReadable": false,
          "readableListening": false,
          "resumeScheduled": false,
          "errorEmitted": false,
          "emitClose": false,
          "autoDestroy": true,
          "destroyed": false,
          "errored": null,
          "closed": false,
          "closeEmitted": false,
          "defaultEncoding": "utf8",
          "awaitDrainWriters": null,
          "multiAwaitDrain": false,
          "readingMore": false,
          "dataEmitted": false,
          "decoder": null,
          "encoding": null
        },
        "_events": {
          "end": [
            null,
            null
          ],
          "close": [
            null,
            null
          ]
        },
        "_eventsCount": 8,
        "_writableState": {
          "objectMode": false,
          "highWaterMark": 16384,
          "finalCalled": false,
          "needDrain": false,
          "ending": false,
          "ended": false,
          "finished": false,
          "destroyed": false,
          "decodeStrings": false,
          "defaultEncoding": "utf8",
          "length": 0,
          "writing": false,
          "corked": 0,
          "sync": false,
          "bufferProcessing": false,
          "writecb": null,
          "writelen": 0,
          "afterWriteTickInfo": null,
          "buffered": [],
          "bufferedIndex": 0,
          "allBuffers": true,
          "allNoop": true,
          "pendingcb": 0,
          "constructed": true,
          "prefinished": false,
          "errorEmitted": false,
          "emitClose": false,
          "autoDestroy": true,
          "errored": null,
          "closed": false,
          "closeEmitted": false
        },
        "allowHalfOpen": true,
        "_sockname": null,
        "_pendingData": null,
        "_pendingEncoding": "",
        "server": {
          "requestTimeout": 300000,
          "headersTimeout": 60000,
          "keepAliveTimeout": 5000,
          "connectionsCheckingInterval": 30000,
          "_events": {},
          "_eventsCount": 2,
          "_connections": 2,
          "_handle": {
            "reading": false
          },
          "_usingWorkers": false,
          "_workers": [],
          "_unref": false,
          "allowHalfOpen": true,
          "pauseOnConnect": false,
          "noDelay": true,
          "keepAlive": false,
          "keepAliveInitialDelay": 0,
          "httpAllowHalfOpen": false,
          "timeout": 0,
          "maxHeadersCount": null,
          "maxRequestsPerSocket": 0,
          "_connectionKey": "6::::3333"
        },
        "_server": {
          "requestTimeout": 300000,
          "headersTimeout": 60000,
          "keepAliveTimeout": 5000,
          "connectionsCheckingInterval": 30000,
          "_events": {},
          "_eventsCount": 2,
          "_connections": 2,
          "_handle": {
            "reading": false
          },
          "_usingWorkers": false,
          "_workers": [],
          "_unref": false,
          "allowHalfOpen": true,
          "pauseOnConnect": false,
          "noDelay": true,
          "keepAlive": false,
          "keepAliveInitialDelay": 0,
          "httpAllowHalfOpen": false,
          "timeout": 0,
          "maxHeadersCount": null,
          "maxRequestsPerSocket": 0,
          "_connectionKey": "6::::3333"
        },
        "parser": {
          "0": null,
          "_headers": [],
          "_url": "",
          "socket": "[Circular]",
          "incoming": "[Circular]",
          "outgoing": null,
          "maxHeaderPairs": 2000,
          "_consumed": true
        },
        "_paused": false,
        "_httpMessage": {
          "_events": {},
          "_eventsCount": 1,
          "outputData": [],
          "outputSize": 0,
          "writable": true,
          "destroyed": false,
          "_last": false,
          "chunkedEncoding": false,
          "shouldKeepAlive": true,
          "maxRequestsOnConnectionReached": false,
          "_defaultKeepAlive": true,
          "useChunkedEncodingByDefault": true,
          "sendDate": true,
          "_removedConnection": false,
          "_removedContLen": false,
          "_removedTE": false,
          "strictContentLength": false,
          "_contentLength": null,
          "_hasBody": true,
          "_trailer": "",
          "finished": false,
          "_headerSent": false,
          "_closed": false,
          "socket": "[Circular]",
          "_header": null,
          "_keepAliveTimeout": 5000,
          "req": "[Circular]",
          "_sent100": false,
          "_expect_continue": false,
          "_maxRequestsPerSocket": 0,
          "locals": {}
        },
        "timeout": 0
      },
      "httpVersionMajor": 1,
      "httpVersionMinor": 1,
      "httpVersion": "1.1",
      "complete": false,
      "rawHeaders": [
        "Host",
        "localhost:3333",
        "Connection",
        "keep-alive",
        "sec-ch-ua",
        "\"Not_A Brand\";v=\"99\", \"Microsoft Edge\";v=\"109\", \"Chromium\";v=\"109\"",
        "sec-ch-ua-mobile",
        "?0",
        "User-Agent",
        "Mozilla/5.0 (Windows NT 10.0; Win64; x64) AppleWebKit/537.36 (KHTML, like Gecko) Chrome/109.0.0.0 Safari/537.36 Edg/109.0.1518.78",
        "sec-ch-ua-platform",
        "\"Windows\"",
        "Accept",
        "image/webp,image/apng,image/svg+xml,image/*,*/*;q=0.8",
        "Sec-Fetch-Site",
        "same-origin",
        "Sec-Fetch-Mode",
        "no-cors",
        "Sec-Fetch-Dest",
        "image",
        "Referer",
        "http://localhost:3333/",
        "Accept-Encoding",
        "gzip, deflate, br",
        "Accept-Language",
        "pt-BR,pt;q=0.9,en;q=0.8,en-GB;q=0.7,en-US;q=0.6"
      ],
      "rawTrailers": [],
      "aborted": false,
      "upgrade": false,
      "url": "/favicon.ico",
      "method": "GET",
      "statusCode": null,
      "statusMessage": null,
      "client": {
        "connecting": false,
        "_hadError": false,
        "_parent": null,
        "_host": null,
        "_closeAfterHandlingError": false,
        "_readableState": {
          "objectMode": false,
          "highWaterMark": 16384,
          "buffer": {
            "head": null,
            "tail": null,
            "length": 0
          },
          "length": 0,
          "pipes": [],
          "flowing": true,
          "ended": false,
          "endEmitted": false,
          "reading": true,
          "constructed": true,
          "sync": false,
          "needReadable": true,
          "emittedReadable": false,
          "readableListening": false,
          "resumeScheduled": false,
          "errorEmitted": false,
          "emitClose": false,
          "autoDestroy": true,
          "destroyed": false,
          "errored": null,
          "closed": false,
          "closeEmitted": false,
          "defaultEncoding": "utf8",
          "awaitDrainWriters": null,
          "multiAwaitDrain": false,
          "readingMore": false,
          "dataEmitted": false,
          "decoder": null,
          "encoding": null
        },
        "_events": {
          "end": [
            null,
            null
          ],
          "close": [
            null,
            null
          ]
        },
        "_eventsCount": 8,
        "_writableState": {
          "objectMode": false,
          "highWaterMark": 16384,
          "finalCalled": false,
          "needDrain": false,
          "ending": false,
          "ended": false,
          "finished": false,
          "destroyed": false,
          "decodeStrings": false,
          "defaultEncoding": "utf8",
          "length": 0,
          "writing": false,
          "corked": 0,
          "sync": false,
          "bufferProcessing": false,
          "writecb": null,
          "writelen": 0,
          "afterWriteTickInfo": null,
          "buffered": [],
          "bufferedIndex": 0,
          "allBuffers": true,
          "allNoop": true,
          "pendingcb": 0,
          "constructed": true,
          "prefinished": false,
          "errorEmitted": false,
          "emitClose": false,
          "autoDestroy": true,
          "errored": null,
          "closed": false,
          "closeEmitted": false
        },
        "allowHalfOpen": true,
        "_sockname": null,
        "_pendingData": null,
        "_pendingEncoding": "",
        "server": {
          "requestTimeout": 300000,
          "headersTimeout": 60000,
          "keepAliveTimeout": 5000,
          "connectionsCheckingInterval": 30000,
          "_events": {},
          "_eventsCount": 2,
          "_connections": 2,
          "_handle": {
            "reading": false
          },
          "_usingWorkers": false,
          "_workers": [],
          "_unref": false,
          "allowHalfOpen": true,
          "pauseOnConnect": false,
          "noDelay": true,
          "keepAlive": false,
          "keepAliveInitialDelay": 0,
          "httpAllowHalfOpen": false,
          "timeout": 0,
          "maxHeadersCount": null,
          "maxRequestsPerSocket": 0,
          "_connectionKey": "6::::3333"
        },
        "_server": {
          "requestTimeout": 300000,
          "headersTimeout": 60000,
          "keepAliveTimeout": 5000,
          "connectionsCheckingInterval": 30000,
          "_events": {},
          "_eventsCount": 2,
          "_connections": 2,
          "_handle": {
            "reading": false
          },
          "_usingWorkers": false,
          "_workers": [],
          "_unref": false,
          "allowHalfOpen": true,
          "pauseOnConnect": false,
          "noDelay": true,
          "keepAlive": false,
          "keepAliveInitialDelay": 0,
          "httpAllowHalfOpen": false,
          "timeout": 0,
          "maxHeadersCount": null,
          "maxRequestsPerSocket": 0,
          "_connectionKey": "6::::3333"
        },
        "parser": {
          "0": null,
          "_headers": [],
          "_url": "",
          "socket": "[Circular]",
          "incoming": "[Circular]",
          "outgoing": null,
          "maxHeaderPairs": 2000,
          "_consumed": true
        },
        "_paused": false,
        "_httpMessage": {
          "_events": {},
          "_eventsCount": 1,
          "outputData": [],
          "outputSize": 0,
          "writable": true,
          "destroyed": false,
          "_last": false,
          "chunkedEncoding": false,
          "shouldKeepAlive": true,
          "maxRequestsOnConnectionReached": false,
          "_defaultKeepAlive": true,
          "useChunkedEncodingByDefault": true,
          "sendDate": true,
          "_removedConnection": false,
          "_removedContLen": false,
          "_removedTE": false,
          "strictContentLength": false,
          "_contentLength": null,
          "_hasBody": true,
          "_trailer": "",
          "finished": false,
          "_headerSent": false,
          "_closed": false,
          "socket": "[Circular]",
          "_header": null,
          "_keepAliveTimeout": 5000,
          "req": "[Circular]",
          "_sent100": false,
          "_expect_continue": false,
          "_maxRequestsPerSocket": 0,
          "locals": {}
        },
        "timeout": 0
      },
      "_consuming": false,
      "_dumped": false,
      "baseUrl": "",
      "originalUrl": "/favicon.ico",
      "_parsedUrl": {
        "protocol": null,
        "slashes": null,
        "auth": null,
        "host": null,
        "port": null,
        "hostname": null,
        "hash": null,
        "search": null,
        "query": null,
        "pathname": "/favicon.ico",
        "path": "/favicon.ico",
        "href": "/favicon.ico",
        "_raw": "/favicon.ico"
      },
      "params": {},
      "query": {},
      "res": {
        "_events": {},
        "_eventsCount": 1,
        "outputData": [],
        "outputSize": 0,
        "writable": true,
        "destroyed": false,
        "_last": false,
        "chunkedEncoding": false,
        "shouldKeepAlive": true,
        "maxRequestsOnConnectionReached": false,
        "_defaultKeepAlive": true,
        "useChunkedEncodingByDefault": true,
        "sendDate": true,
        "_removedConnection": false,
        "_removedContLen": false,
        "_removedTE": false,
        "strictContentLength": false,
        "_contentLength": null,
        "_hasBody": true,
        "_trailer": "",
        "finished": false,
        "_headerSent": false,
        "_closed": false,
        "socket": "[Circular]",
        "_header": null,
        "_keepAliveTimeout": 5000,
        "req": "[Circular]",
        "_sent100": false,
        "_expect_continue": false,
        "_maxRequestsPerSocket": 0,
        "locals": {}
      },
      "body": {},
      "id": 2
    }
[32mINFO[39m [2023-09-02, 5:38:41 PM] (14692 on DESKTOP-QBRPS5I): [36mConnection has been established successfully MYSQL.[39m
[32mINFO[39m [2023-10-02, 11:47:12 AM] (14684 on DESKTOP-QBRPS5I): [36mConnection has been established successfully MYSQL.[39m
[32mINFO[39m [2023-10-02, 11:49:47 AM] (5680 on DESKTOP-QBRPS5I): [36mConnection has been established successfully MYSQL.[39m
[32mINFO[39m [2023-10-02, 11:49:59 AM] (13704 on DESKTOP-QBRPS5I): [36mConnection has been established successfully MYSQL.[39m
[32mINFO[39m [2023-10-02, 11:50:27 AM] (8152 on DESKTOP-QBRPS5I): [36mConnection has been established successfully MYSQL.[39m
[32mINFO[39m [2023-10-02, 11:51:03 AM] (4272 on DESKTOP-QBRPS5I): [36mConnection has been established successfully MYSQL.[39m
[32mINFO[39m [2023-10-02, 11:52:44 AM] (13700 on DESKTOP-QBRPS5I): [36mConnection has been established successfully MYSQL.[39m
[32mINFO[39m [2023-10-02, 11:52:49 AM] (6576 on DESKTOP-QBRPS5I): [36mConnection has been established successfully MYSQL.[39m
[32mINFO[39m [2023-10-02, 11:53:30 AM] (13828 on DESKTOP-QBRPS5I): [36mConnection has been established successfully MYSQL.[39m
[32mINFO[39m [2023-10-02, 11:57:29 AM] (15292 on DESKTOP-QBRPS5I): [36mConnection has been established successfully MYSQL.[39m
[32mINFO[39m [2023-10-02, 11:59:31 AM] (9396 on DESKTOP-QBRPS5I): [36mConnection has been established successfully MYSQL.[39m
[32mINFO[39m [2023-10-02, 12:01:01 PM] (8880 on DESKTOP-QBRPS5I): [36mConnection has been established successfully MYSQL.[39m
[32mINFO[39m [2023-10-02, 12:01:22 PM] (15036 on DESKTOP-QBRPS5I): [36mConnection has been established successfully MYSQL.[39m
[32mINFO[39m [2023-10-02, 12:08:44 PM] (14204 on DESKTOP-QBRPS5I): [36mConnection has been established successfully MYSQL.[39m
[32mINFO[39m [2023-10-02, 12:13:16 PM] (6924 on DESKTOP-QBRPS5I): [36mConnection has been established successfully MYSQL.[39m
[32mINFO[39m [2023-10-02, 12:17:01 PM] (6304 on DESKTOP-QBRPS5I): [36mConnection has been established successfully MYSQL.[39m
[32mINFO[39m [2023-10-02, 12:23:18 PM] (6620 on DESKTOP-QBRPS5I): [36mConnection has been established successfully MYSQL.[39m
[32mINFO[39m [2023-10-02, 12:23:25 PM] (7472 on DESKTOP-QBRPS5I): [36mConnection has been established successfully MYSQL.[39m
[32mINFO[39m [2023-10-02, 12:24:19 PM] (13708 on DESKTOP-QBRPS5I): [36mConnection has been established successfully MYSQL.[39m
[32mINFO[39m [2023-10-02, 12:32:14 PM] (7392 on DESKTOP-QBRPS5I): [36mConnection has been established successfully MYSQL.[39m
[32mINFO[39m [2023-10-02, 12:32:59 PM] (5264 on DESKTOP-QBRPS5I): [36mConnection has been established successfully MYSQL.[39m
[32mINFO[39m [2023-10-02, 12:36:11 PM] (13612 on DESKTOP-QBRPS5I): [36mConnection has been established successfully MYSQL.[39m
[32mINFO[39m [2023-10-02, 12:39:12 PM] (7804 on DESKTOP-QBRPS5I): [36mConnection has been established successfully MYSQL.[39m
[32mINFO[39m [2023-10-02, 12:41:31 PM] (13088 on DESKTOP-QBRPS5I): [36mConnection has been established successfully MYSQL.[39m
[32mINFO[39m [2023-10-02, 12:41:51 PM] (4768 on DESKTOP-QBRPS5I): [36mConnection has been established successfully MYSQL.[39m
[32mINFO[39m [2023-10-02, 12:41:59 PM] (8396 on DESKTOP-QBRPS5I): [36mConnection has been established successfully MYSQL.[39m
[32mINFO[39m [2023-10-02, 12:42:39 PM] (10948 on DESKTOP-QBRPS5I): [36mConnection has been established successfully MYSQL.[39m
[32mINFO[39m [2023-10-02, 12:48:34 PM] (4796 on DESKTOP-QBRPS5I): [36mConnection has been established successfully MYSQL.[39m
[32mINFO[39m [2023-10-02, 1:12:56 PM] (1376 on DESKTOP-QBRPS5I): [36mConnection has been established successfully MYSQL.[39m
[32mINFO[39m [2023-10-02, 1:25:58 PM] (1376 on DESKTOP-QBRPS5I): [36mEVENTO de VIDEO SIGNAL LOST[39m
[32mINFO[39m [2023-10-02, 1:25:58 PM] (1376 on DESKTOP-QBRPS5I): [36mEVENTO REPETIDO[39m
[32mINFO[39m [2023-10-02, 1:26:07 PM] (1376 on DESKTOP-QBRPS5I): [36mEVENTO de VIDEO SIGNAL LOST[39m
[32mINFO[39m [2023-10-02, 1:26:07 PM] (1376 on DESKTOP-QBRPS5I): [36mEvent inserted successfully[39m
[32mINFO[39m [2023-10-02, 1:26:34 PM] (13268 on DESKTOP-QBRPS5I): [36mConnection has been established successfully MYSQL.[39m
[32mINFO[39m [2023-10-02, 1:27:26 PM] (11328 on DESKTOP-QBRPS5I): [36mConnection has been established successfully MYSQL.[39m
[32mINFO[39m [2023-10-02, 1:27:35 PM] (11328 on DESKTOP-QBRPS5I): [36mEVENTO de VIDEO SIGNAL LOST[39m
[32mINFO[39m [2023-10-02, 1:27:35 PM] (11328 on DESKTOP-QBRPS5I): [36mEVENTO REPETIDO[39m
[32mINFO[39m [2023-10-02, 1:27:46 PM] (11328 on DESKTOP-QBRPS5I): [36mEVENTO de VIDEO SIGNAL LOST[39m
[32mINFO[39m [2023-10-02, 1:27:46 PM] (11328 on DESKTOP-QBRPS5I): [36mEvento salvo com sucesso[39m
[32mINFO[39m [2023-10-02, 1:35:43 PM] (11328 on DESKTOP-QBRPS5I): [36m3820 - 03 - 10026 : RECORDING EXCEPTION ON CHANNEL D1 D2 D3 D4 D5 D6 D7 D8 D9 D10 D11 D12 D13 D14 D15 D16[39m
[32mINFO[39m [2023-10-02, 1:35:43 PM] (11328 on DESKTOP-QBRPS5I): [36mEVENTO de RECORDING EXCEPTION[39m
[32mINFO[39m [2023-10-02, 1:35:43 PM] (11328 on DESKTOP-QBRPS5I): [36mEvento salvo com sucesso[39m
[32mINFO[39m [2023-10-02, 1:35:47 PM] (11328 on DESKTOP-QBRPS5I): [36m3820 - 03 - 10026 : HDD ERROR[39m
[32mINFO[39m [2023-10-02, 1:35:47 PM] (11328 on DESKTOP-QBRPS5I): [36mEvento de HDD ERROR[39m
[32mINFO[39m [2023-10-02, 1:35:47 PM] (11328 on DESKTOP-QBRPS5I): [36msave event[39m
[32mINFO[39m [2023-10-02, 1:35:47 PM] (11328 on DESKTOP-QBRPS5I): [36mEvento salvo com sucesso[39m
[32mINFO[39m [2023-10-02, 2:57:27 PM] (11328 on DESKTOP-QBRPS5I): [36mEVENTO de VIDEO SIGNAL LOST[39m
[32mINFO[39m [2023-10-02, 2:57:27 PM] (11328 on DESKTOP-QBRPS5I): [36mEvento salvo com sucesso[39m
[32mINFO[39m [2023-10-02, 3:44:21 PM] (11328 on DESKTOP-QBRPS5I): [36mEVENTO de VIDEO SIGNAL LOST[39m
[32mINFO[39m [2023-10-02, 3:44:21 PM] (11328 on DESKTOP-QBRPS5I): [36mEVENTO REPETIDO[39m
[32mINFO[39m [2023-10-02, 3:48:53 PM] (11328 on DESKTOP-QBRPS5I): [36mEVENTO de VIDEO SIGNAL LOST[39m
[32mINFO[39m [2023-10-02, 3:48:53 PM] (11328 on DESKTOP-QBRPS5I): [36mEVENTO REPETIDO[39m
[32mINFO[39m [2023-10-02, 3:53:53 PM] (11328 on DESKTOP-QBRPS5I): [36mEVENTO de VIDEO SIGNAL LOST[39m
[32mINFO[39m [2023-10-02, 3:53:53 PM] (11328 on DESKTOP-QBRPS5I): [36mEVENTO REPETIDO[39m
[32mINFO[39m [2023-10-02, 3:56:39 PM] (11328 on DESKTOP-QBRPS5I): [36mEVENTO de VIDEO SIGNAL LOST[39m
[32mINFO[39m [2023-10-02, 3:56:39 PM] (11328 on DESKTOP-QBRPS5I): [36mEVENTO REPETIDO[39m
[32mINFO[39m [2023-10-02, 3:58:07 PM] (11328 on DESKTOP-QBRPS5I): [36mEVENTO de VIDEO SIGNAL LOST[39m
[32mINFO[39m [2023-10-02, 3:58:07 PM] (11328 on DESKTOP-QBRPS5I): [36mEVENTO REPETIDO[39m
[32mINFO[39m [2023-10-02, 4:04:50 PM] (11328 on DESKTOP-QBRPS5I): [36mEVENTO de VIDEO SIGNAL LOST[39m
[32mINFO[39m [2023-10-02, 4:04:50 PM] (11328 on DESKTOP-QBRPS5I): [36mEVENTO REPETIDO[39m
[32mINFO[39m [2023-10-02, 4:07:41 PM] (11328 on DESKTOP-QBRPS5I): [36mEVENTO de VIDEO SIGNAL LOST[39m
[32mINFO[39m [2023-10-02, 4:07:41 PM] (11328 on DESKTOP-QBRPS5I): [36mEVENTO REPETIDO[39m
[32mINFO[39m [2023-10-02, 4:33:47 PM] (11328 on DESKTOP-QBRPS5I): [36mEVENTO de VIDEO SIGNAL LOST[39m
[32mINFO[39m [2023-10-02, 4:33:57 PM] (11328 on DESKTOP-QBRPS5I): [36mErro consultar evento[39m
[32mINFO[39m [2023-10-02, 4:39:26 PM] (11328 on DESKTOP-QBRPS5I): [36mEVENTO de VIDEO SIGNAL LOST[39m
[32mINFO[39m [2023-10-02, 4:39:26 PM] (11328 on DESKTOP-QBRPS5I): [36mEVENTO REPETIDO[39m
[32mINFO[39m [2023-14-02, 11:22:17 AM] (20252 on DESKTOP-QBRPS5I): [36mConnection has been established successfully MYSQL.[39m
[32mINFO[39m [2023-14-02, 11:30:24 AM] (17440 on DESKTOP-QBRPS5I): [36mConnection has been established successfully MYSQL.[39m
[32mINFO[39m [2023-14-02, 11:30:56 AM] (17440 on DESKTOP-QBRPS5I): [36mEVENTO de VIDEO SIGNAL LOST[39m
[32mINFO[39m [2023-14-02, 11:30:56 AM] (17440 on DESKTOP-QBRPS5I): [36mEvento salvo com sucesso[39m
[32mINFO[39m [2023-14-02, 11:32:04 AM] (4840 on DESKTOP-QBRPS5I): [36mConnection has been established successfully MYSQL.[39m
[32mINFO[39m [2023-14-02, 11:32:51 AM] (5604 on DESKTOP-QBRPS5I): [36mUnable to connect to the database MYSQL: [39m
[32mINFO[39m [2023-14-02, 11:33:42 AM] (5604 on DESKTOP-QBRPS5I): [36mEVENTO de VIDEO SIGNAL LOST[39m
[32mINFO[39m [2023-14-02, 11:33:42 AM] (5604 on DESKTOP-QBRPS5I): [36mErro consultar evento[39m
[32mINFO[39m [2023-14-02, 11:34:31 AM] (9328 on DESKTOP-QBRPS5I): [36mUnable to connect to the database MYSQL: [39m
[32mINFO[39m [2023-14-02, 11:34:40 AM] (9328 on DESKTOP-QBRPS5I): [36mEVENTO de VIDEO SIGNAL LOST[39m
[32mINFO[39m [2023-14-02, 11:34:40 AM] (9328 on DESKTOP-QBRPS5I): [36mErro consultar evento[39m
[32mINFO[39m [2023-14-02, 11:35:24 AM] (7872 on DESKTOP-QBRPS5I): [36mConnection has been established successfully MYSQL.[39m
[32mINFO[39m [2023-14-02, 11:35:38 AM] (7872 on DESKTOP-QBRPS5I): [36mEVENTO de VIDEO SIGNAL LOST[39m
[32mINFO[39m [2023-14-02, 11:35:38 AM] (7872 on DESKTOP-QBRPS5I): [36mEvento salvo com sucesso[39m
[32mINFO[39m [2023-14-02, 11:50:19 AM] (7872 on DESKTOP-QBRPS5I): [36mEVENTO de VIDEO SIGNAL LOST[39m
[32mINFO[39m [2023-14-02, 11:50:19 AM] (7872 on DESKTOP-QBRPS5I): [36mEvento salvo com sucesso[39m
[32mINFO[39m [2023-14-02, 11:50:50 AM] (7872 on DESKTOP-QBRPS5I): [36m3820 - 03 - 10026 : RECORDING EXCEPTION ON CHANNEL D1 D2 D3 D4 D5 D6 D7 D8 D9 D10 D11 D12 D13 D14 D15 D16[39m
[32mINFO[39m [2023-14-02, 11:50:50 AM] (7872 on DESKTOP-QBRPS5I): [36mEVENTO de RECORDING EXCEPTION[39m
[32mINFO[39m [2023-14-02, 11:50:50 AM] (7872 on DESKTOP-QBRPS5I): [36mEvento salvo com sucesso[39m
[32mINFO[39m [2023-14-02, 11:52:08 AM] (7872 on DESKTOP-QBRPS5I): [36m3820 - 03 - 10026 : HDD ERROR[39m
[32mINFO[39m [2023-14-02, 11:52:08 AM] (7872 on DESKTOP-QBRPS5I): [36mEvento de HDD ERROR[39m
[32mINFO[39m [2023-14-02, 11:52:08 AM] (7872 on DESKTOP-QBRPS5I): [36msave event[39m
[32mINFO[39m [2023-14-02, 11:52:08 AM] (7872 on DESKTOP-QBRPS5I): [36mEvento salvo com sucesso[39m
[32mINFO[39m [2023-14-02, 11:52:19 AM] (7872 on DESKTOP-QBRPS5I): [36mEVENTO de VIDEO SIGNAL LOST[39m
[32mINFO[39m [2023-14-02, 11:52:19 AM] (7872 on DESKTOP-QBRPS5I): [36mEvento salvo com sucesso[39m
[32mINFO[39m [2023-14-02, 11:52:57 AM] (7872 on DESKTOP-QBRPS5I): [36mEVENTO de VIDEO SIGNAL LOST[39m
[32mINFO[39m [2023-14-02, 11:52:57 AM] (7872 on DESKTOP-QBRPS5I): [36mEvento salvo com sucesso[39m
[32mINFO[39m [2023-14-02, 11:53:08 AM] (7872 on DESKTOP-QBRPS5I): [36mEVENTO de VIDEO SIGNAL LOST[39m
[32mINFO[39m [2023-14-02, 11:53:08 AM] (7872 on DESKTOP-QBRPS5I): [36mEvento salvo com sucesso[39m
[32mINFO[39m [2023-14-02, 11:53:39 AM] (7872 on DESKTOP-QBRPS5I): [36m3821 - 02 - 10026 : HDD ERROR[39m
[32mINFO[39m [2023-14-02, 11:53:39 AM] (7872 on DESKTOP-QBRPS5I): [36mEvento de HDD ERROR[39m
[32mINFO[39m [2023-14-02, 11:53:39 AM] (7872 on DESKTOP-QBRPS5I): [36msave event[39m
[32mINFO[39m [2023-14-02, 11:53:39 AM] (7872 on DESKTOP-QBRPS5I): [36mEvento salvo com sucesso[39m
[32mINFO[39m [2023-14-02, 11:55:33 AM] (16928 on DESKTOP-QBRPS5I): [36mConnection has been established successfully MYSQL.[39m
[32mINFO[39m [2023-14-02, 12:05:31 PM] (20108 on DESKTOP-QBRPS5I): [36mConnection has been established successfully MYSQL.[39m
[32mINFO[39m [2023-14-02, 12:09:20 PM] (20160 on DESKTOP-QBRPS5I): [36mConnection has been established successfully MYSQL.[39m
[32mINFO[39m [2023-14-02, 12:09:41 PM] (20160 on DESKTOP-QBRPS5I): [36mEVENTO de VIDEO SIGNAL LOST[39m
[32mINFO[39m [2023-14-02, 12:09:41 PM] (20160 on DESKTOP-QBRPS5I): [36mEVENTO REPETIDO[39m
[32mINFO[39m [2023-14-02, 12:10:04 PM] (20160 on DESKTOP-QBRPS5I): [36mEVENTO de VIDEO SIGNAL LOST[39m
[32mINFO[39m [2023-14-02, 12:10:04 PM] (20160 on DESKTOP-QBRPS5I): [36mEVENTO REPETIDO[39m
[32mINFO[39m [2023-14-02, 2:00:17 PM] (10568 on DESKTOP-QBRPS5I): [36mConnection has been established successfully MYSQL.[39m
[32mINFO[39m [2023-14-02, 2:00:33 PM] (10568 on DESKTOP-QBRPS5I): [36mEVENTO de VIDEO SIGNAL LOST[39m
[32mINFO[39m [2023-14-02, 2:00:33 PM] (10568 on DESKTOP-QBRPS5I): [36mEvento salvo com sucesso[39m
[32mINFO[39m [2023-14-02, 2:00:56 PM] (10568 on DESKTOP-QBRPS5I): [36m3820 - 03 - 10026 : HDD ERROR[39m
[32mINFO[39m [2023-14-02, 2:00:56 PM] (10568 on DESKTOP-QBRPS5I): [36mEvento de HDD ERROR[39m
[32mINFO[39m [2023-14-02, 2:00:56 PM] (10568 on DESKTOP-QBRPS5I): [36mEVENTO SALVO COM SUCESSO[39m
[32mINFO[39m [2023-14-02, 2:00:56 PM] (10568 on DESKTOP-QBRPS5I): [36mEvento salvo com sucesso[39m
[32mINFO[39m [2023-14-02, 2:01:43 PM] (3512 on DESKTOP-QBRPS5I): [36mConnection has been established successfully MYSQL.[39m
[32mINFO[39m [2023-14-02, 2:01:59 PM] (3512 on DESKTOP-QBRPS5I): [36m3820 - 03 - 10026 : HDD ERROR[39m
[32mINFO[39m [2023-14-02, 2:01:59 PM] (3512 on DESKTOP-QBRPS5I): [36mEvento de HDD ERROR[39m
[32mINFO[39m [2023-14-02, 2:01:59 PM] (3512 on DESKTOP-QBRPS5I): [36mEVENTO REPETIDO[39m
[32mINFO[39m [2023-14-02, 2:01:59 PM] (3512 on DESKTOP-QBRPS5I): [36mError insertig repeat event[39m
[32mINFO[39m [2023-14-02, 2:04:38 PM] (19256 on DESKTOP-QBRPS5I): [36mConnection has been established successfully MYSQL.[39m
[32mINFO[39m [2023-14-02, 2:04:52 PM] (19256 on DESKTOP-QBRPS5I): [36m3820 - 03 - 10026 : HDD ERROR[39m
[32mINFO[39m [2023-14-02, 2:04:52 PM] (19256 on DESKTOP-QBRPS5I): [36mEvento de HDD ERROR[39m
[32mINFO[39m [2023-14-02, 2:04:52 PM] (19256 on DESKTOP-QBRPS5I): [36mEVENTO REPETIDO[39m
[32mINFO[39m [2023-14-02, 2:04:52 PM] (19256 on DESKTOP-QBRPS5I): [36mError insertig repeat event[39m
[32mINFO[39m [2023-14-02, 2:09:06 PM] (6172 on DESKTOP-QBRPS5I): [36mConnection has been established successfully MYSQL.[39m
[32mINFO[39m [2023-14-02, 2:09:50 PM] (12552 on DESKTOP-QBRPS5I): [36mConnection has been established successfully MYSQL.[39m
[32mINFO[39m [2023-14-02, 2:11:06 PM] (15036 on DESKTOP-QBRPS5I): [36mConnection has been established successfully MYSQL.[39m
[32mINFO[39m [2023-14-02, 2:14:18 PM] (3788 on DESKTOP-QBRPS5I): [36mConnection has been established successfully MYSQL.[39m
[32mINFO[39m [2023-14-02, 2:14:37 PM] (3788 on DESKTOP-QBRPS5I): [36m3820 - 03 - 10026 : HDD ERROR[39m
[32mINFO[39m [2023-14-02, 2:14:37 PM] (3788 on DESKTOP-QBRPS5I): [36mEvento de HDD ERROR[39m
[32mINFO[39m [2023-14-02, 2:14:37 PM] (3788 on DESKTOP-QBRPS5I): [36mEVENTO REPETIDO[39m
[32mINFO[39m [2023-14-02, 2:14:37 PM] (3788 on DESKTOP-QBRPS5I): [36mEVENTO SALVO, REPETIDO[39m
[32mINFO[39m [2023-14-02, 2:15:28 PM] (15676 on DESKTOP-QBRPS5I): [36mConnection has been established successfully MYSQL.[39m
[32mINFO[39m [2023-14-02, 2:15:38 PM] (15676 on DESKTOP-QBRPS5I): [36m3820 - 03 - 10026 : HDD ERROR[39m
[32mINFO[39m [2023-14-02, 2:15:38 PM] (15676 on DESKTOP-QBRPS5I): [36mEvento de HDD ERROR[39m
[32mINFO[39m [2023-14-02, 2:15:38 PM] (15676 on DESKTOP-QBRPS5I): [36mEVENTO REPETIDO[39m
[32mINFO[39m [2023-14-02, 2:15:58 PM] (19816 on DESKTOP-QBRPS5I): [36mConnection has been established successfully MYSQL.[39m
[32mINFO[39m [2023-14-02, 2:16:16 PM] (19816 on DESKTOP-QBRPS5I): [36m3820 - 03 - 10026 : HDD ERROR[39m
[32mINFO[39m [2023-14-02, 2:16:16 PM] (19816 on DESKTOP-QBRPS5I): [36mEvento de HDD ERROR[39m
[32mINFO[39m [2023-14-02, 2:16:16 PM] (19816 on DESKTOP-QBRPS5I): [36mEVENTO REPETIDO[39m
[32mINFO[39m [2023-14-02, 2:21:28 PM] (3748 on DESKTOP-QBRPS5I): [36mConnection has been established successfully MYSQL.[39m
[32mINFO[39m [2023-14-02, 2:21:41 PM] (3748 on DESKTOP-QBRPS5I): [36m3020 - 03 - 10026 : HDD ERROR[39m
[32mINFO[39m [2023-14-02, 2:21:41 PM] (3748 on DESKTOP-QBRPS5I): [36mEvento de HDD ERROR[39m
[32mINFO[39m [2023-14-02, 2:21:41 PM] (3748 on DESKTOP-QBRPS5I): [36mEVENTO SALVO COM SUCESSO[39m
[32mINFO[39m [2023-14-02, 2:21:41 PM] (3748 on DESKTOP-QBRPS5I): [36mEVENTO SALVO COM SUCESSO[39m
[32mINFO[39m [2023-14-02, 2:22:06 PM] (13524 on DESKTOP-QBRPS5I): [36mConnection has been established successfully MYSQL.[39m
[32mINFO[39m [2023-14-02, 2:22:19 PM] (13524 on DESKTOP-QBRPS5I): [36m3825 - 03 - 10026 : HDD ERROR[39m
[32mINFO[39m [2023-14-02, 2:22:19 PM] (13524 on DESKTOP-QBRPS5I): [36mEvento de HDD ERROR[39m
[32mINFO[39m [2023-14-02, 2:22:19 PM] (13524 on DESKTOP-QBRPS5I): [36mEVENTO SALVO COM SUCESSO[39m
[32mINFO[39m [2023-14-02, 2:22:19 PM] (13524 on DESKTOP-QBRPS5I): [36mEVENTO SALVO COM SUCESSO[39m
[32mINFO[39m [2023-14-02, 2:23:02 PM] (14240 on DESKTOP-QBRPS5I): [36mConnection has been established successfully MYSQL.[39m
[32mINFO[39m [2023-14-02, 2:23:20 PM] (14240 on DESKTOP-QBRPS5I): [36m3820 - 03 - 10026 : HDD ERROR[39m
[32mINFO[39m [2023-14-02, 2:23:20 PM] (14240 on DESKTOP-QBRPS5I): [36mEvento de HDD ERROR[39m
[32mINFO[39m [2023-14-02, 2:23:20 PM] (14240 on DESKTOP-QBRPS5I): [36mEVENTO REPETIDO[39m
[32mINFO[39m [2023-14-02, 2:23:38 PM] (14240 on DESKTOP-QBRPS5I): [36m3820 - 43 - 10026 : HDD ERROR[39m
[32mINFO[39m [2023-14-02, 2:23:38 PM] (14240 on DESKTOP-QBRPS5I): [36mEvento de HDD ERROR[39m
[32mINFO[39m [2023-14-02, 2:23:38 PM] (14240 on DESKTOP-QBRPS5I): [36mEVENTO REPETIDO[39m
[32mINFO[39m [2023-14-02, 2:24:57 PM] (420 on DESKTOP-QBRPS5I): [36mConnection has been established successfully MYSQL.[39m
[32mINFO[39m [2023-14-02, 2:25:13 PM] (420 on DESKTOP-QBRPS5I): [36m3820 - 43 - 10026 : HDD ERROR[39m
[32mINFO[39m [2023-14-02, 2:25:13 PM] (420 on DESKTOP-QBRPS5I): [36mEvento de HDD ERROR[39m
[32mINFO[39m [2023-14-02, 2:25:13 PM] (420 on DESKTOP-QBRPS5I): [36mEVENTO REPETIDO[39m
[32mINFO[39m [2023-14-02, 2:27:01 PM] (14020 on DESKTOP-QBRPS5I): [36mConnection has been established successfully MYSQL.[39m
[32mINFO[39m [2023-14-02, 2:27:35 PM] (15796 on DESKTOP-QBRPS5I): [36mConnection has been established successfully MYSQL.[39m
[32mINFO[39m [2023-14-02, 2:28:24 PM] (1808 on DESKTOP-QBRPS5I): [36mConnection has been established successfully MYSQL.[39m
[32mINFO[39m [2023-14-02, 2:28:48 PM] (18068 on DESKTOP-QBRPS5I): [36mConnection has been established successfully MYSQL.[39m
[32mINFO[39m [2023-14-02, 2:29:38 PM] (18068 on DESKTOP-QBRPS5I): [36mEMAIL DESCONSIDERADO: [39m
[32mINFO[39m [2023-14-02, 2:29:42 PM] (18068 on DESKTOP-QBRPS5I): [36m3820 - 43 - 10056 : HDD ERROR[39m
[32mINFO[39m [2023-14-02, 2:29:42 PM] (18068 on DESKTOP-QBRPS5I): [36mEvento de HDD ERROR[39m
[32mINFO[39m [2023-14-02, 2:29:42 PM] (18068 on DESKTOP-QBRPS5I): [36mEVENTO REPETIDO[39m
[32mINFO[39m [2023-14-02, 2:31:27 PM] (7236 on DESKTOP-QBRPS5I): [36mConnection has been established successfully MYSQL.[39m
[32mINFO[39m [2023-14-02, 2:31:39 PM] (14720 on DESKTOP-QBRPS5I): [36mConnection has been established successfully MYSQL.[39m
[32mINFO[39m [2023-14-02, 2:31:43 PM] (10144 on DESKTOP-QBRPS5I): [36mConnection has been established successfully MYSQL.[39m
[32mINFO[39m [2023-14-02, 2:31:57 PM] (10144 on DESKTOP-QBRPS5I): [36m3820 - 43 - 10026 : HDD ERROR[39m
[32mINFO[39m [2023-14-02, 2:31:57 PM] (10144 on DESKTOP-QBRPS5I): [36mEvento de HDD ERROR[39m
[32mINFO[39m [2023-14-02, 2:31:57 PM] (10144 on DESKTOP-QBRPS5I): [36mEVENTO REPETIDO[39m
[32mINFO[39m [2023-14-02, 2:32:11 PM] (10144 on DESKTOP-QBRPS5I): [36m3820 - 43 - 12026 : HDD ERROR[39m
[32mINFO[39m [2023-14-02, 2:32:11 PM] (10144 on DESKTOP-QBRPS5I): [36mEvento de HDD ERROR[39m
[32mINFO[39m [2023-14-02, 2:32:11 PM] (10144 on DESKTOP-QBRPS5I): [36mSALVANDO EVENTO[39m
[32mINFO[39m [2023-14-02, 2:32:11 PM] (10144 on DESKTOP-QBRPS5I): [36mEVENTO SALVO COM SUCESSO[39m
[32mINFO[39m [2023-14-02, 2:32:33 PM] (18904 on DESKTOP-QBRPS5I): [36mConnection has been established successfully MYSQL.[39m
[32mINFO[39m [2023-14-02, 2:32:48 PM] (5820 on DESKTOP-QBRPS5I): [36mConnection has been established successfully MYSQL.[39m
[32mINFO[39m [2023-14-02, 2:38:56 PM] (7592 on DESKTOP-QBRPS5I): [36mConnection has been established successfully MYSQL.[39m
[32mINFO[39m [2023-14-02, 2:39:13 PM] (7592 on DESKTOP-QBRPS5I): [36m3820 - 43 - 12026 : HDD ERROR[39m
[32mINFO[39m [2023-14-02, 2:39:13 PM] (7592 on DESKTOP-QBRPS5I): [36mEvento de HDD ERROR[39m
[32mINFO[39m [2023-14-02, 2:39:13 PM] (7592 on DESKTOP-QBRPS5I): [36mEVENTO REPETIDO[39m
[32mINFO[39m [2023-14-02, 4:16:39 PM] (3732 on DESKTOP-QBRPS5I): [36mConnection has been established successfully MYSQL.[39m
[32mINFO[39m [2023-14-02, 4:16:46 PM] (9208 on DESKTOP-QBRPS5I): [36mConnection has been established successfully MYSQL.[39m
[32mINFO[39m [2023-14-02, 4:17:02 PM] (9208 on DESKTOP-QBRPS5I): [36m3820 - 43 - 12026 : HDD ERROR[39m
[32mINFO[39m [2023-14-02, 4:17:02 PM] (9208 on DESKTOP-QBRPS5I): [36mEvento de HDD ERROR[39m
[32mINFO[39m [2023-14-02, 4:17:02 PM] (9208 on DESKTOP-QBRPS5I): [36mSALVANDO EVENTO[39m
[32mINFO[39m [2023-14-02, 4:17:02 PM] (9208 on DESKTOP-QBRPS5I): [36mEVENTO SALVO COM SUCESSO[39m
